
> dev
> vite


  VITE v6.3.5  ready in 1537 ms

  ➜  Local:   http://localhost:5173/
  ➜  Network: use --host to expose
  ➜  press h + enter to show help

  LARAVEL   plugin v0.7.8

  ➜  APP_URL: https://choo.ing
node:events:502
      throw er; // Unhandled 'error' event
      ^

Error: read EIO
    at TTY.onStreamRead (node:internal/stream_base_commons:218:20)
Emitted 'error' event on Interface instance at:
    at ReadStream.onerror (node:internal/readline/interface:239:10)
    at ReadStream.emit (node:events:524:28)
    at emitErrorNT (node:internal/streams/destroy:169:8)
    at emitErrorCloseNT (node:internal/streams/destroy:128:3)
    at process.processTicksAndRejections (node:internal/process/task_queues:82:21) {
  errno: -5,
  code: 'EIO',
  syscall: 'read'
}

Node.js v20.19.1
